<?xml version="1.0" encoding="UTF-8" standalone="yes"?><MemberStateNotification xmlns:ns2="https://uri.etsi.org/02231/v2#" xmlns:ns3="http://www.w3.org/2000/09/xmldsig#" xmlns:ns4="https://uri.etsi.org/01903/v1.3.2#" xmlns:ns5="https://uri.etsi.org/02231/v2/additionaltypes#" xmlns:ns6="https://uri.etsi.org/TrstSvc/SvcInfoExt/eSigDir-1999-93-EC-TrustedList/#" xmlns:ns7="https://uri.etsi.org/01903/v1.4.1#"><VersionIdentifier>5</VersionIdentifier><ToolIdentifier>ecTools</ToolIdentifier><NotificationIdentifier>BE-2019-05-24T16:38:40Z</NotificationIdentifier><SchemeContact><Name></Name><PostalAddress></PostalAddress><PhoneNumber></PhoneNumber><ElectronicAddress/></SchemeContact><PointersToOtherTSL><ns2:ServiceDigitalIdentities/><ns2:TSLLocation>location</ns2:TSLLocation><ns2:AdditionalInformation><ns2:OtherInformation><ns2:TSLType>type</ns2:TSLType></ns2:OtherInformation><ns2:OtherInformation><ns2:SchemeTerritory>BE</ns2:SchemeTerritory></ns2:OtherInformation><ns2:OtherInformation><ns5:MimeType>application/pdf</ns5:MimeType></ns2:OtherInformation><ns2:OtherInformation><ns2:SchemeOperatorName/></ns2:OtherInformation><ns2:OtherInformation><ns2:SchemeTypeCommunityRules/></ns2:OtherInformation></ns2:AdditionalInformation></PointersToOtherTSL><PointersToOtherTSL><ns2:ServiceDigitalIdentities/><ns2:TSLLocation>location</ns2:TSLLocation><ns2:AdditionalInformation><ns2:OtherInformation><ns2:TSLType>type</ns2:TSLType></ns2:OtherInformation><ns2:OtherInformation><ns2:SchemeTerritory>BE</ns2:SchemeTerritory></ns2:OtherInformation><ns2:OtherInformation><ns5:MimeType>application/pdf</ns5:MimeType></ns2:OtherInformation><ns2:OtherInformation><ns2:SchemeOperatorName/></ns2:OtherInformation><ns2:OtherInformation><ns2:SchemeTypeCommunityRules/></ns2:OtherInformation></ns2:AdditionalInformation></PointersToOtherTSL><SubmissionDate>2019-05-24+02:00</SubmissionDate><EffectDate>2019-05-24+02:00</EffectDate></MemberStateNotification>
